C51 COMPILER V7.50   FW                                                                    05/12/2010 22:19:49 PAGE 1   


C51 COMPILER V7.50, COMPILATION OF MODULE FW
OBJECT MODULE PLACED IN FW.OBJ
COMPILER INVOKED BY: C:\Keil\C51\BIN\C51.EXE FW.c BROWSE DEBUG OBJECTEXTEND

line level    source

   1          //-----------------------------------------------------------------------------
   2          //   File:      FW.c
   3          //-----------------------------------------------------------------------------
   4          #include "lp.h"
   5          #include "lpregs.h"
   6          #include "syncdly.h"            // 同步延时宏
   7          
   8          //-----------------------------------------------------------------------------
   9          // Constants
  10          //-----------------------------------------------------------------------------
  11          #define DELAY_COUNT   0x9248*8L  // 延时计数
  12          #define _IFREQ  48000            
  13          #define _CFREQ  48000           
  14          
  15          //-----------------------------------------------------------------------------
  16          // 比较函数
  17          //-----------------------------------------------------------------------------
  18          #define   min(a,b) (((a)<(b))?(a):(b))
  19          #define   max(a,b) (((a)>(b))?(a):(b))
  20          
  21          //-----------------------------------------------------------------------------
  22          // 全局变量
  23          //-----------------------------------------------------------------------------
  24          volatile BOOL   GotSUD;
  25          BOOL      Rwuen;
  26          BOOL      Selfpwr;
  27          volatile BOOL   Sleep;                  // 休眠模式使能信号
  28          
  29          WORD   pDeviceDscr;   
  30          WORD   pDeviceQualDscr;
  31          WORD   pHighSpeedConfigDscr;
  32          WORD   pFullSpeedConfigDscr;   
  33          WORD   pConfigDscr;
  34          WORD   pOtherConfigDscr;   
  35          WORD   pStringDscr;   
  36          
  37          //-----------------------------------------------------------------------------
  38          // 函数声明
  39          //-----------------------------------------------------------------------------
  40          void SetupCommand(void);
  41          void TD_Init(void);
  42          void TD_Poll(void);
  43          BOOL TD_Suspend(void);
  44          BOOL TD_Resume(void);
  45          
  46          BOOL DR_GetDescriptor(void);
  47          BOOL DR_SetConfiguration(void);
  48          BOOL DR_GetConfiguration(void);
  49          BOOL DR_SetInterface(void);
  50          BOOL DR_GetInterface(void);
  51          BOOL DR_GetStatus(void);
  52          BOOL DR_ClearFeature(void);
  53          BOOL DR_SetFeature(void);
  54          BOOL DR_VendorCmnd(void);
  55          BOOL DR_LED1(void);                                             //显示数字0
C51 COMPILER V7.50   FW                                                                    05/12/2010 22:19:49 PAGE 2   

  56          BOOL DR_LED2(void);                                             //显示数字1
  57          BOOL DR_LED3(void);                                             //显示数字2
  58          BOOL DR_LED4(void);                                             //显示字符A
  59          BOOL DR_LED5(void);                                             //显示数字F
  60          
  61          // 端点映射
  62          const char code  EPCS_Offset_Lookup_Table[] =
  63          {
  64                  0,    // EP1OUT
  65                          1,    // EP1IN
  66                          2,    // EP2OUT
  67                          2,    // EP2IN
  68                          3,    // EP4OUT
  69                          3,    // EP4IN
  70                          4,    // EP6OUT
  71                          4,    // EP6IN
  72                          5,    // EP8OUT
  73                          5,    // EP8IN
  74          };
  75          
  76          #define epcs(EP) (EPCS_Offset_Lookup_Table[(EP & 0x7E) | (EP > 128)] + 0xE6A1)
  77          
  78          //-----------------------------------------------------------------------------
  79          // 主程序
  80          //-----------------------------------------------------------------------------
  81          
  82          //任务线程
  83          void main(void)
  84          {
  85   1              DWORD   i;
  86   1      //      DWORD j;
  87   1              WORD   offset;
  88   1              DWORD   DevDescrLen;
  89   1              DWORD   j=0;
  90   1              WORD   IntDescrAddr;
  91   1              WORD   ExtDescrAddr;
  92   1                       DWORD ii;
  93   1              
  94   1              // 初始化
  95   1              Sleep = FALSE;               // 禁止休眠模式
  96   1              Rwuen = FALSE;               // 禁止远程唤醒
  97   1              Selfpwr = FALSE;            // 禁止自供电
  98   1              GotSUD = FALSE;       
  99   1              
 100   1              // 初始化用户设备
 101   1              TD_Init();
 102   1              
 103   1              //定向USB描述符
 104   1              pDeviceDscr = (WORD)&DeviceDscr;
 105   1              pDeviceQualDscr = (WORD)&DeviceQualDscr;
 106   1              pHighSpeedConfigDscr = (WORD)&HighSpeedConfigDscr;
 107   1              pFullSpeedConfigDscr = (WORD)&FullSpeedConfigDscr;
 108   1              pStringDscr = (WORD)&StringDscr;
 109   1              
 110   1          if ((WORD)&DeviceDscr & 0xC000)
 111   1              {
 112   2                      // 重定向描述符
 113   2                      IntDescrAddr = INTERNAL_DSCR_ADDR;
 114   2                      ExtDescrAddr = (WORD)&DeviceDscr;
 115   2                      DevDescrLen = (WORD)&UserDscr - (WORD)&DeviceDscr + 2;
 116   2                      for (i = 0; i < DevDescrLen; i++)
 117   2                              *((BYTE xdata *)IntDescrAddr+i) = *((BYTE xdata *)ExtDescrAddr+i);
C51 COMPILER V7.50   FW                                                                    05/12/2010 22:19:49 PAGE 3   

 118   2                      
 119   2                      // 更新描述符指针
 120   2                      pDeviceDscr = IntDescrAddr;
 121   2                      offset = (WORD)&DeviceDscr - INTERNAL_DSCR_ADDR;
 122   2                      pDeviceQualDscr -= offset;
 123   2                      pConfigDscr -= offset;
 124   2                      pOtherConfigDscr -= offset;
 125   2                      pHighSpeedConfigDscr -= offset;
 126   2                      pFullSpeedConfigDscr -= offset;
 127   2                      pStringDscr -= offset;
 128   2              }
 129   1              
 130   1              EZUSB_IRQ_ENABLE();            // 使能USB中断
 131   1              EZUSB_ENABLE_RSMIRQ();            //远程唤醒中断
 132   1              
 133   1              INTSETUP |= (bmAV2EN | bmAV4EN);     // 使能INT 2 & 4 自动向量
 134   1              
 135   1              USBIE |= bmSUDAV | bmSUTOK | bmSUSP | bmURES | bmHSGRANT;   // 使能选择的中断
 136   1              EA = 1;                  // 使能8051全局中断
 137   1              
 138   1      #ifndef NO_RENUM
 139   1              // 检查重列举
 140   1              if(!(USBCS & bmRENUM))
 141   1              {
 142   2                      EZUSB_Discon(TRUE);   //重列举
 143   2              }
 144   1      #endif
 145   1              
 146   1              // 连接
 147   1              USBCS &=~bmDISCON;
 148   1              
 149   1              CKCON = (CKCON&(~bmSTRETCH)) | FW_STRETCH_VALUE;
 150   1              
 151   1              //清Sleep标记
 152   1              Sleep = FALSE;
 153   1              
 154   1              //任务县城线程
 155   1              while(TRUE)               //主循环
 156   1              {
 157   2                      //列举用户设备
 158   2                      TD_Poll();
 159   2                      
 160   2                      if(GotSUD)
 161   2                      {
 162   3                              SetupCommand();          
 163   3                              GotSUD = FALSE;          // 清SETUP标记
 164   3                      }
 165   2                      
 166   2                      //检查并处理
 167   2                      if (Sleep)
 168   2                      {
 169   3                              if(TD_Suspend())
 170   3                              { 
 171   4                                      Sleep = FALSE;     //清Sleep标记
 172   4                                      do
 173   4                                      {
 174   5                                              EZUSB_Susp();         //空闲状态处理
 175   5                                      }
 176   4                                      while(!Rwuen && EZUSB_EXTWAKEUP());
 177   4                                      EZUSB_Resume();   
 178   4                                      TD_Resume();
 179   4                              }   
C51 COMPILER V7.50   FW                                                                    05/12/2010 22:19:49 PAGE 4   

 180   3                      }
 181   2                      
 182   2      
 183   2                      
 184   2              for(ii=0;ii<=18;ii+=1) //由暗变亮
 185   2                      {                       
 186   3                              for(j=1;j<5;j++)
 187   3                              { 
 188   4                                      IOA=0xff;                               
 189   4                                      EZUSB_Delay(ii);
 190   4                                      
 191   4                                      IOA=0x00;
 192   4                                      EZUSB_Delay(18-ii);                             
 193   4                              }                       
 194   3                      }
 195   2      
 196   2                      EZUSB_Delay(1000);
 197   2      
 198   2                      for(ii=0;ii<=18;ii+=1) //由亮变暗
 199   2                      {                       
 200   3                              for(j=1;j<5;j++)
 201   3                              { 
 202   4                                      IOA=0x00;                               
 203   4                                      EZUSB_Delay(ii);
 204   4                                      
 205   4                                      IOA=0xFF;
 206   4                                      EZUSB_Delay(18-ii);                             
 207   4                              }                       
 208   3                      }       
 209   2                      
 210   2              }
 211   1      }
 212          
 213          BOOL HighSpeedCapable()
 214          {
 215   1              // 高速USB处理
 216   1              
 217   1              if (REVID & 0xF0)    //检查是fx2lp/fx1还是fx2.  
 218   1              {
 219   2                      
 220   2                      // fx2lp 或 fx1 的处理
 221   2                      if (GPCR2 & bmHIGHSPEEDCAPABLE)
 222   2                              return TRUE;
 223   2                      else
 224   2                              return FALSE;
 225   2              }
 226   1              else
 227   1              {
 228   2                      // fx2 的处理
 229   2                      return TRUE;
 230   2              }
 231   1      }   
 232          
 233          // 设备请求
 234          void SetupCommand(void)
 235          {
 236   1              void   *dscr_ptr;
 237   1              
 238   1              switch(SETUPDAT[1])
 239   1              {
 240   2              case SC_GET_DESCRIPTOR:                  //获得描述符
 241   2                      if(DR_GetDescriptor())
C51 COMPILER V7.50   FW                                                                    05/12/2010 22:19:49 PAGE 5   

 242   2                  switch(SETUPDAT[3])         
 243   2                      {
 244   3              case GD_DEVICE:            //设备
 245   3                      SUDPTRH = MSB(pDeviceDscr);
 246   3                      SUDPTRL = LSB(pDeviceDscr);
 247   3                      break;
 248   3              case GD_DEVICE_QUALIFIER:            //设备限定
 249   3                      if (HighSpeedCapable())
 250   3                      {
 251   4                              SUDPTRH = MSB(pDeviceQualDscr);
 252   4                              SUDPTRL = LSB(pDeviceQualDscr);
 253   4                      }
 254   3                      else
 255   3                      {
 256   4                              EZUSB_STALL_EP0();
 257   4                      }
 258   3                      break;
 259   3              case GD_CONFIGURATION:         // 配置
 260   3                      SUDPTRH = MSB(pConfigDscr);
 261   3                      SUDPTRL = LSB(pConfigDscr);
 262   3                      break;
 263   3              case GD_OTHER_SPEED_CONFIGURATION:  // 其它速率配置
 264   3                      SUDPTRH = MSB(pOtherConfigDscr);
 265   3                      SUDPTRL = LSB(pOtherConfigDscr);
 266   3                      break;
 267   3              case GD_STRING:            // 字符串
 268   3                      if(dscr_ptr = (void *)EZUSB_GetStringDscr(SETUPDAT[2]))
 269   3                      {
 270   4                              SUDPTRH = MSB(dscr_ptr);
 271   4                              SUDPTRL = LSB(dscr_ptr);
 272   4                      }
 273   3                      else 
 274   3                              EZUSB_STALL_EP0();   // 中止端点0
 275   3                      break;
 276   3              default:            // 无效请求
 277   3                      EZUSB_STALL_EP0();      // 中止端点0
 278   3                      }
 279   2                      break;
 280   2              case SC_GET_INTERFACE:                  // 获得接口
 281   2                      DR_GetInterface();
 282   2                      break;
 283   2              case SC_SET_INTERFACE:                  // 设置接口
 284   2                      DR_SetInterface();
 285   2                      break;
 286   2              case SC_SET_CONFIGURATION:               //设置配置
 287   2                      DR_SetConfiguration();
 288   2                      break;
 289   2              case SC_GET_CONFIGURATION:               //获得配置
 290   2                      DR_GetConfiguration();
 291   2                      break;
 292   2              case SC_GET_STATUS:                  // 获得状态
 293   2                      if(DR_GetStatus())
 294   2                  switch(SETUPDAT[0])
 295   2                      {
 296   3              case GS_DEVICE:            // 设备
 297   3                      EP0BUF[0] = ((BYTE)Rwuen << 1) | (BYTE)Selfpwr;
 298   3                      EP0BUF[1] = 0;
 299   3                      EP0BCH = 0;
 300   3                      EP0BCL = 2;
 301   3                      break;
 302   3              case GS_INTERFACE:         // 接口
 303   3                      EP0BUF[0] = 0;
C51 COMPILER V7.50   FW                                                                    05/12/2010 22:19:49 PAGE 6   

 304   3                      EP0BUF[1] = 0;
 305   3                      EP0BCH = 0;
 306   3                      EP0BCL = 2;
 307   3                      break;
 308   3              case GS_ENDPOINT:         // 端点
 309   3                      EP0BUF[0] = *(BYTE xdata *) epcs(SETUPDAT[4]) & bmEPSTALL;
 310   3                      EP0BUF[1] = 0;
 311   3                      EP0BCH = 0;
 312   3                      EP0BCL = 2;
 313   3                      break;
 314   3              default:            //无效命令
 315   3                      EZUSB_STALL_EP0();    
 316   3                      }
 317   2                      break;
 318   2              case SC_CLEAR_FEATURE:                  // 清除特性
 319   2                      if(DR_ClearFeature())
 320   2                  switch(SETUPDAT[0])
 321   2                      {
 322   3              case FT_DEVICE:            // 设备
 323   3                      if(SETUPDAT[2] == 1)
 324   3                              Rwuen = FALSE;       // 禁止远程唤醒
 325   3                      else
 326   3                              EZUSB_STALL_EP0(); 
 327   3                      break;
 328   3              case FT_ENDPOINT:     
 329   3                      if(SETUPDAT[2] == 0)
 330   3                      {
 331   4                              *(BYTE xdata *) epcs(SETUPDAT[4]) &= ~bmEPSTALL;
 332   4                              EZUSB_RESET_DATA_TOGGLE( SETUPDAT[4] );
 333   4                      }
 334   3                      else
 335   3                              EZUSB_STALL_EP0();  
 336   3                      break;
 337   3                      }
 338   2                      break;
 339   2              case SC_SET_FEATURE:                  // 设置特性
 340   2                      if(DR_SetFeature())
 341   2                  switch(SETUPDAT[0])
 342   2                      {
 343   3              case FT_DEVICE:        
 344   3                      if(SETUPDAT[2] == 1)
 345   3                              Rwuen = TRUE;     
 346   3                      else if(SETUPDAT[2] == 2)
 347   3                              break;
 348   3                      else
 349   3                              EZUSB_STALL_EP0();  
 350   3                      break;
 351   3              case FT_ENDPOINT:     
 352   3                      *(BYTE xdata *) epcs(SETUPDAT[4]) |= bmEPSTALL;
 353   3                      break;
 354   3              default:
 355   3                      EZUSB_STALL_EP0();     
 356   3                      }
 357   2                      break;
 358   2              case SC_LED1:                                             //显示数字0
 359   2                      DR_LED1();
 360   2                      break;
 361   2              default:                                // 无效命令
 362   2                      if(DR_VendorCmnd())
 363   2                  EZUSB_STALL_EP0();            // 停止断点0
 364   2         }
 365   1         
C51 COMPILER V7.50   FW                                                                    05/12/2010 22:19:49 PAGE 7   

 366   1         //握手
 367   1         EP0CS |= bmHSNAK;
 368   1      }
 369          
 370          // 唤醒中断
 371          void resume_isr(void) interrupt WKUP_VECT
 372          {
 373   1              EZUSB_CLEAR_RSMIRQ();
 374   1      }
 375          
 376          


MODULE INFORMATION:   STATIC OVERLAYABLE
   CODE SIZE        =   1210    ----
   CONSTANT SIZE    =     10    ----
   XDATA SIZE       =   ----    ----
   PDATA SIZE       =   ----    ----
   DATA SIZE        =     14      20
   IDATA SIZE       =   ----    ----
   BIT SIZE         =      4    ----
END OF MODULE INFORMATION.


C51 COMPILATION COMPLETE.  0 WARNING(S),  0 ERROR(S)
