C51 COMPILER V7.50   FW                                                                    05/12/2010 00:35:17 PAGE 1   


C51 COMPILER V7.50, COMPILATION OF MODULE FW
OBJECT MODULE PLACED IN FW.OBJ
COMPILER INVOKED BY: C:\Keil\C51\BIN\C51.EXE FW.c BROWSE DEBUG OBJECTEXTEND

line level    source

   1          //-----------------------------------------------------------------------------
   2          //   File:      FW.c
   3          //-----------------------------------------------------------------------------
   4          #include "lp.h"
   5          #include "lpregs.h"
   6          #include "syncdly.h"            // 同步延时宏
   7          
   8          //-----------------------------------------------------------------------------
   9          // Constants
  10          //-----------------------------------------------------------------------------
  11          #define DELAY_COUNT   0x9248*8L  // 延时计数
  12          #define _IFREQ  48000            
  13          #define _CFREQ  48000           
  14          
  15          //-----------------------------------------------------------------------------
  16          // 比较函数
  17          //-----------------------------------------------------------------------------
  18          #define   min(a,b) (((a)<(b))?(a):(b))
  19          #define   max(a,b) (((a)>(b))?(a):(b))
  20          
  21          //-----------------------------------------------------------------------------
  22          // 全局变量
  23          //-----------------------------------------------------------------------------
  24          volatile BOOL   GotSUD;
  25          BOOL      Rwuen;
  26          BOOL      Selfpwr;
  27          volatile BOOL   Sleep;                  // 休眠模式使能信号
  28          
  29          WORD   pDeviceDscr;   
  30          WORD   pDeviceQualDscr;
  31          WORD   pHighSpeedConfigDscr;
  32          WORD   pFullSpeedConfigDscr;   
  33          WORD   pConfigDscr;
  34          WORD   pOtherConfigDscr;   
  35          WORD   pStringDscr;   
  36          
  37          //-----------------------------------------------------------------------------
  38          // 函数声明
  39          //-----------------------------------------------------------------------------
  40          void SetupCommand(void);
  41          void TD_Init(void);
  42          void TD_Poll(void);
  43          BOOL TD_Suspend(void);
  44          BOOL TD_Resume(void);
  45          
  46          BOOL DR_GetDescriptor(void);
  47          BOOL DR_SetConfiguration(void);
  48          BOOL DR_GetConfiguration(void);
  49          BOOL DR_SetInterface(void);
  50          BOOL DR_GetInterface(void);
  51          BOOL DR_GetStatus(void);
  52          BOOL DR_ClearFeature(void);
  53          BOOL DR_SetFeature(void);
  54          BOOL DR_VendorCmnd(void);
  55          BOOL DR_LED1(void);                                             //显示数字0
C51 COMPILER V7.50   FW                                                                    05/12/2010 00:35:17 PAGE 2   

  56          BOOL DR_LED2(void);                                             //显示数字1
  57          BOOL DR_LED3(void);                                             //显示数字2
  58          BOOL DR_LED4(void);                                             //显示字符A
  59          BOOL DR_LED5(void);                                             //显示数字F
  60          
  61          // 端点映射
  62          const char code  EPCS_Offset_Lookup_Table[] =
  63          {
  64                  0,    // EP1OUT
  65                          1,    // EP1IN
  66                          2,    // EP2OUT
  67                          2,    // EP2IN
  68                          3,    // EP4OUT
  69                          3,    // EP4IN
  70                          4,    // EP6OUT
  71                          4,    // EP6IN
  72                          5,    // EP8OUT
  73                          5,    // EP8IN
  74          };
  75          
  76          #define epcs(EP) (EPCS_Offset_Lookup_Table[(EP & 0x7E) | (EP > 128)] + 0xE6A1)
  77          
  78          //-----------------------------------------------------------------------------
  79          // 主程序
  80          //-----------------------------------------------------------------------------
  81          
  82          //任务线程
  83          void main(void)
  84          {
  85   1              DWORD   i;
  86   1              WORD   offset;
  87   1              DWORD   DevDescrLen;
  88   1              DWORD   j=0;
  89   1              WORD   IntDescrAddr;
  90   1              WORD   ExtDescrAddr;
  91   1              
  92   1              // 初始化
  93   1              Sleep = FALSE;               // 禁止休眠模式
  94   1              Rwuen = FALSE;               // 禁止远程唤醒
  95   1              Selfpwr = FALSE;            // 禁止自供电
  96   1              GotSUD = FALSE;       
  97   1              
  98   1              // 初始化用户设备
  99   1              TD_Init();
 100   1              
 101   1              //定向USB描述符
 102   1              pDeviceDscr = (WORD)&DeviceDscr;
 103   1              pDeviceQualDscr = (WORD)&DeviceQualDscr;
 104   1              pHighSpeedConfigDscr = (WORD)&HighSpeedConfigDscr;
 105   1              pFullSpeedConfigDscr = (WORD)&FullSpeedConfigDscr;
 106   1              pStringDscr = (WORD)&StringDscr;
 107   1              
 108   1          if ((WORD)&DeviceDscr & 0xC000)
 109   1              {
 110   2                      // 重定向描述符
 111   2                      IntDescrAddr = INTERNAL_DSCR_ADDR;
 112   2                      ExtDescrAddr = (WORD)&DeviceDscr;
 113   2                      DevDescrLen = (WORD)&UserDscr - (WORD)&DeviceDscr + 2;
 114   2                      for (i = 0; i < DevDescrLen; i++)
 115   2                              *((BYTE xdata *)IntDescrAddr+i) = *((BYTE xdata *)ExtDescrAddr+i);
 116   2                      
 117   2                      // 更新描述符指针
C51 COMPILER V7.50   FW                                                                    05/12/2010 00:35:17 PAGE 3   

 118   2                      pDeviceDscr = IntDescrAddr;
 119   2                      offset = (WORD)&DeviceDscr - INTERNAL_DSCR_ADDR;
 120   2                      pDeviceQualDscr -= offset;
 121   2                      pConfigDscr -= offset;
 122   2                      pOtherConfigDscr -= offset;
 123   2                      pHighSpeedConfigDscr -= offset;
 124   2                      pFullSpeedConfigDscr -= offset;
 125   2                      pStringDscr -= offset;
 126   2              }
 127   1              
 128   1              EZUSB_IRQ_ENABLE();            // 使能USB中断
 129   1              EZUSB_ENABLE_RSMIRQ();            //远程唤醒中断
 130   1              
 131   1              INTSETUP |= (bmAV2EN | bmAV4EN);     // 使能INT 2 & 4 自动向量
 132   1              
 133   1              USBIE |= bmSUDAV | bmSUTOK | bmSUSP | bmURES | bmHSGRANT;   // 使能选择的中断
 134   1              EA = 1;                  // 使能8051全局中断
 135   1              
 136   1      #ifndef NO_RENUM
 137   1              // 检查重列举
 138   1              if(!(USBCS & bmRENUM))
 139   1              {
 140   2                      EZUSB_Discon(TRUE);   //重列举
 141   2              }
 142   1      #endif
 143   1              
 144   1              // 连接
 145   1              USBCS &=~bmDISCON;
 146   1              
 147   1              CKCON = (CKCON&(~bmSTRETCH)) | FW_STRETCH_VALUE;
 148   1              
 149   1              //清Sleep标记
 150   1              Sleep = FALSE;
 151   1              
 152   1              //任务县城线程
 153   1              while(TRUE)               //主循环
 154   1              {
 155   2                      //列举用户设备
 156   2                      TD_Poll();
 157   2                      
 158   2                      if(GotSUD)
 159   2                      {
 160   3                              SetupCommand();          
 161   3                              GotSUD = FALSE;          // 清SETUP标记
 162   3                      }
 163   2                      
 164   2                      //检查并处理
 165   2                      if (Sleep)
 166   2                      {
 167   3                              if(TD_Suspend())
 168   3                              { 
 169   4                                      Sleep = FALSE;     //清Sleep标记
 170   4                                      do
 171   4                                      {
 172   5                                              EZUSB_Susp();         //空闲状态处理
 173   5                                      }
 174   4                                      while(!Rwuen && EZUSB_EXTWAKEUP());
 175   4                                      EZUSB_Resume();   
 176   4                                      TD_Resume();
 177   4                              }   
 178   3                      }
 179   2                      
C51 COMPILER V7.50   FW                                                                    05/12/2010 00:35:17 PAGE 4   

 180   2              }
 181   1      }
 182          
 183          BOOL HighSpeedCapable()
 184          {
 185   1              // 高速USB处理
 186   1              
 187   1              if (REVID & 0xF0)    //检查是fx2lp/fx1还是fx2.  
 188   1              {
 189   2                      
 190   2                      // fx2lp 或 fx1 的处理
 191   2                      if (GPCR2 & bmHIGHSPEEDCAPABLE)
 192   2                              return TRUE;
 193   2                      else
 194   2                              return FALSE;
 195   2              }
 196   1              else
 197   1              {
 198   2                      // fx2 的处理
 199   2                      return TRUE;
 200   2              }
 201   1      }   
 202          
 203          // 设备请求
 204          void SetupCommand(void)
 205          {
 206   1              void   *dscr_ptr;
 207   1              
 208   1              switch(SETUPDAT[1])
 209   1              {
 210   2              case SC_GET_DESCRIPTOR:                  //获得描述符
 211   2                      if(DR_GetDescriptor())
 212   2                  switch(SETUPDAT[3])         
 213   2                      {
 214   3              case GD_DEVICE:            //设备
 215   3                      SUDPTRH = MSB(pDeviceDscr);
 216   3                      SUDPTRL = LSB(pDeviceDscr);
 217   3                      break;
 218   3              case GD_DEVICE_QUALIFIER:            //设备限定
 219   3                      if (HighSpeedCapable())
 220   3                      {
 221   4                              SUDPTRH = MSB(pDeviceQualDscr);
 222   4                              SUDPTRL = LSB(pDeviceQualDscr);
 223   4                      }
 224   3                      else
 225   3                      {
 226   4                              EZUSB_STALL_EP0();
 227   4                      }
 228   3                      break;
 229   3              case GD_CONFIGURATION:         // 配置
 230   3                      SUDPTRH = MSB(pConfigDscr);
 231   3                      SUDPTRL = LSB(pConfigDscr);
 232   3                      break;
 233   3              case GD_OTHER_SPEED_CONFIGURATION:  // 其它速率配置
 234   3                      SUDPTRH = MSB(pOtherConfigDscr);
 235   3                      SUDPTRL = LSB(pOtherConfigDscr);
 236   3                      break;
 237   3              case GD_STRING:            // 字符串
 238   3                      if(dscr_ptr = (void *)EZUSB_GetStringDscr(SETUPDAT[2]))
 239   3                      {
 240   4                              SUDPTRH = MSB(dscr_ptr);
 241   4                              SUDPTRL = LSB(dscr_ptr);
C51 COMPILER V7.50   FW                                                                    05/12/2010 00:35:17 PAGE 5   

 242   4                      }
 243   3                      else 
 244   3                              EZUSB_STALL_EP0();   // 中止端点0
 245   3                      break;
 246   3              default:            // 无效请求
 247   3                      EZUSB_STALL_EP0();      // 中止端点0
 248   3                      }
 249   2                      break;
 250   2              case SC_GET_INTERFACE:                  // 获得接口
 251   2                      DR_GetInterface();
 252   2                      break;
 253   2              case SC_SET_INTERFACE:                  // 设置接口
 254   2                      DR_SetInterface();
 255   2                      break;
 256   2              case SC_SET_CONFIGURATION:               //设置配置
 257   2                      DR_SetConfiguration();
 258   2                      break;
 259   2              case SC_GET_CONFIGURATION:               //获得配置
 260   2                      DR_GetConfiguration();
 261   2                      break;
 262   2              case SC_GET_STATUS:                  // 获得状态
 263   2                      if(DR_GetStatus())
 264   2                  switch(SETUPDAT[0])
 265   2                      {
 266   3              case GS_DEVICE:            // 设备
 267   3                      EP0BUF[0] = ((BYTE)Rwuen << 1) | (BYTE)Selfpwr;
 268   3                      EP0BUF[1] = 0;
 269   3                      EP0BCH = 0;
 270   3                      EP0BCL = 2;
 271   3                      break;
 272   3              case GS_INTERFACE:         // 接口
 273   3                      EP0BUF[0] = 0;
 274   3                      EP0BUF[1] = 0;
 275   3                      EP0BCH = 0;
 276   3                      EP0BCL = 2;
 277   3                      break;
 278   3              case GS_ENDPOINT:         // 端点
 279   3                      EP0BUF[0] = *(BYTE xdata *) epcs(SETUPDAT[4]) & bmEPSTALL;
 280   3                      EP0BUF[1] = 0;
 281   3                      EP0BCH = 0;
 282   3                      EP0BCL = 2;
 283   3                      break;
 284   3              default:            //无效命令
 285   3                      EZUSB_STALL_EP0();    
 286   3                      }
 287   2                      break;
 288   2              case SC_CLEAR_FEATURE:                  // 清除特性
 289   2                      if(DR_ClearFeature())
 290   2                  switch(SETUPDAT[0])
 291   2                      {
 292   3              case FT_DEVICE:            // 设备
 293   3                      if(SETUPDAT[2] == 1)
 294   3                              Rwuen = FALSE;       // 禁止远程唤醒
 295   3                      else
 296   3                              EZUSB_STALL_EP0(); 
 297   3                      break;
 298   3              case FT_ENDPOINT:     
 299   3                      if(SETUPDAT[2] == 0)
 300   3                      {
 301   4                              *(BYTE xdata *) epcs(SETUPDAT[4]) &= ~bmEPSTALL;
 302   4                              EZUSB_RESET_DATA_TOGGLE( SETUPDAT[4] );
 303   4                      }
C51 COMPILER V7.50   FW                                                                    05/12/2010 00:35:17 PAGE 6   

 304   3                      else
 305   3                              EZUSB_STALL_EP0();  
 306   3                      break;
 307   3                      }
 308   2                      break;
 309   2              case SC_SET_FEATURE:                  // 设置特性
 310   2                      if(DR_SetFeature())
 311   2                  switch(SETUPDAT[0])
 312   2                      {
 313   3              case FT_DEVICE:        
 314   3                      if(SETUPDAT[2] == 1)
 315   3                              Rwuen = TRUE;     
 316   3                      else if(SETUPDAT[2] == 2)
 317   3                              break;
 318   3                      else
 319   3                              EZUSB_STALL_EP0();  
 320   3                      break;
 321   3              case FT_ENDPOINT:     
 322   3                      *(BYTE xdata *) epcs(SETUPDAT[4]) |= bmEPSTALL;
 323   3                      break;
 324   3              default:
 325   3                      EZUSB_STALL_EP0();     
 326   3                      }
 327   2                      break;
 328   2              case SC_LED1:                                             //显示数字0
 329   2                      DR_LED1();
 330   2                      break;
 331   2              default:                                // 无效命令
 332   2                      if(DR_VendorCmnd())
 333   2                  EZUSB_STALL_EP0();            // 停止断点0
 334   2         }
 335   1         
 336   1         //握手
 337   1         EP0CS |= bmHSNAK;
 338   1      }
 339          
 340          // 唤醒中断
 341          void resume_isr(void) interrupt WKUP_VECT
 342          {
 343   1              EZUSB_CLEAR_RSMIRQ();
 344   1      }
 345          
 346          


MODULE INFORMATION:   STATIC OVERLAYABLE
   CODE SIZE        =    940    ----
   CONSTANT SIZE    =     10    ----
   XDATA SIZE       =   ----    ----
   PDATA SIZE       =   ----    ----
   DATA SIZE        =     14      16
   IDATA SIZE       =   ----    ----
   BIT SIZE         =      4    ----
END OF MODULE INFORMATION.


C51 COMPILATION COMPLETE.  0 WARNING(S),  0 ERROR(S)
