constructor(DA_1_7_11_061112.dat) call

FILE* signalFile = fopen(DA_1_7_11_061112.dat, "rb"); 	 done

fread(&N_Treal, 4, 1, signalFile); 	 done
N_Treal = 7

fread(&AntNumber, 4, 1, signalFile); 	 done
AntNumber = 1

fread(&N_DA, 4, 1, signalFile); 	 done
N_DA = 178
antennaPositionX reading..done
antennaPositionY reading..done
antennaPositionZ reading..done

fread(&TimeOfCycle, 4, 1, signalFile); 	 done
TimeOfCycle = 1.3522e+09

fread(&TimeOfRegistration, 4, 1, signalFile); 	 done
TimeOfRegistration = 1.3522e+09

fread(&FDiscr, 4, 1, signalFile); 	 done
FDiscr = 500

fread(&SampleLength, 4, 1, signalFile); 	 done
SampleLength = 150000

fread(&Reserv, 4, 1, signalFile); 	 done
Reserv = 0xbf93b51c
constructor ret

parse() call
float* buffer = new float[178]; 	done
for(int i = 0; i < N_DA; i++){
	fclose(gidrophoneFiles[i]);
} 	done
destructor call
