Terminal log file
Date: 05.03.2013 - 12:09:22
-----------------------------------------------

Хвост:

02 02 20 02 FF

Целый кусок (69 байт):

02 40 E2 3D 30 2F 64 08 47 04 10 
24 48 12 04 08 A2 22 72 DF 08 02 17 E5 23 4C 01 
12 24 48 02 04 08 12 24 08 02 04 49 12 04 08 02 
24 48 02 04 08 12 24 48 02 04 08 CE DB 06 C7 04 
09 7B 62 2F FF 82 82 20 12 FF

Целый кусок (69 байт):

06 46 E2 13 36 C5 
23 09 72 1F 3C 07 04 02 12 24 48 23 C0 AC 00 12 
9C DC 00 4C 09 12 24 08 02 04 49 12 04 08 02 24 
48 02 04 08 12 24 48 02 04 08 12 24 48 02 04 09 
CA 5C 06 C5 4B 01 C2 A6 6B FF 02 02 20 12 FF

Целый кусок (69 байт):

02 4E E2 3F 16 E9 44 08 47 04 10 24 48 02 04 08 32 
24 62 5F 08 12 E9 2E 00 D8 01 12 24 48 02 04 09 
12 24 08 02 04 49 12 04 08 12 24 48 02 04 08 12 
24 48 02 04 09 CA 1C 26 29 69 48 7B 62 2F FF 0E 
11 00 02 FF

Покоцаный кусок:

06 4E 86 1D 1A FC 28 82 F2 09 9E 24 
48 02 04 08 32 24 02 5F 09 12 E9 EE 00 99 09 12 
04 08 02 24 48 02 04 08 12 24 48 02 04 08 12 24 
48 02 04 09 12 24 08 02 04 C9 CA 7E 4C E7 68 48 
4B E2 12 FF
не хватает хвоста
-----------------------------------------------
Date: 05.03.2013 - 12:09:32
End log file
